This is pdfTeX, Version 3.141592653-2.6-1.40.25 (MiKTeX 24.1) (preloaded format=pdflatex 2024.6.21)  12 JUL 2024 11:04
entering extended mode
 restricted \write18 enabled.
 %&-line parsing enabled.
**./reporte_medico.tex
(reporte_medico.tex
LaTeX2e <2023-11-01> patch level 1
L3 programming layer <2024-01-04>
(C:\Program Files\MiKTeX\tex/latex/base\article.cls
Document Class: article 2023/05/17 v1.4n Standard LaTeX document class
(C:\Program Files\MiKTeX\tex/latex/base\size12.clo
File: size12.clo 2023/05/17 v1.4n Standard LaTeX file (size option)
)
\c@part=\count187
\c@section=\count188
\c@subsection=\count189
\c@subsubsection=\count190
\c@paragraph=\count191
\c@subparagraph=\count192
\c@figure=\count193
\c@table=\count194
\abovecaptionskip=\skip48
\belowcaptionskip=\skip49
\bibindent=\dimen140
)
(C:\Program Files\MiKTeX\tex/latex/base\fontenc.sty
Package: fontenc 2021/04/29 v2.0v Standard LaTeX package
)
(C:\Program Files\MiKTeX\tex/latex/base\inputenc.sty
Package: inputenc 2021/02/14 v1.3d Input encoding file
\inpenc@prehook=\toks17
\inpenc@posthook=\toks18
)
(C:\Program Files\MiKTeX\tex/latex/lm\lmodern.sty
Package: lmodern 2015/05/01 v1.6.1 Latin Modern Fonts
LaTeX Font Info:    Overwriting symbol font `operators' in version `normal'
(Font)                  OT1/cmr/m/n --> OT1/lmr/m/n on input line 22.
LaTeX Font Info:    Overwriting symbol font `letters' in version `normal'
(Font)                  OML/cmm/m/it --> OML/lmm/m/it on input line 23.
LaTeX Font Info:    Overwriting symbol font `symbols' in version `normal'
(Font)                  OMS/cmsy/m/n --> OMS/lmsy/m/n on input line 24.
LaTeX Font Info:    Overwriting symbol font `largesymbols' in version `normal'
(Font)                  OMX/cmex/m/n --> OMX/lmex/m/n on input line 25.
LaTeX Font Info:    Overwriting symbol font `operators' in version `bold'
(Font)                  OT1/cmr/bx/n --> OT1/lmr/bx/n on input line 26.
LaTeX Font Info:    Overwriting symbol font `letters' in version `bold'
(Font)                  OML/cmm/b/it --> OML/lmm/b/it on input line 27.
LaTeX Font Info:    Overwriting symbol font `symbols' in version `bold'
(Font)                  OMS/cmsy/b/n --> OMS/lmsy/b/n on input line 28.
LaTeX Font Info:    Overwriting symbol font `largesymbols' in version `bold'
(Font)                  OMX/cmex/m/n --> OMX/lmex/m/n on input line 29.
LaTeX Font Info:    Overwriting math alphabet `\mathbf' in version `normal'
(Font)                  OT1/cmr/bx/n --> OT1/lmr/bx/n on input line 31.
LaTeX Font Info:    Overwriting math alphabet `\mathsf' in version `normal'
(Font)                  OT1/cmss/m/n --> OT1/lmss/m/n on input line 32.
LaTeX Font Info:    Overwriting math alphabet `\mathit' in version `normal'
(Font)                  OT1/cmr/m/it --> OT1/lmr/m/it on input line 33.
LaTeX Font Info:    Overwriting math alphabet `\mathtt' in version `normal'
(Font)                  OT1/cmtt/m/n --> OT1/lmtt/m/n on input line 34.
LaTeX Font Info:    Overwriting math alphabet `\mathbf' in version `bold'
(Font)                  OT1/cmr/bx/n --> OT1/lmr/bx/n on input line 35.
LaTeX Font Info:    Overwriting math alphabet `\mathsf' in version `bold'
(Font)                  OT1/cmss/bx/n --> OT1/lmss/bx/n on input line 36.
LaTeX Font Info:    Overwriting math alphabet `\mathit' in version `bold'
(Font)                  OT1/cmr/bx/it --> OT1/lmr/bx/it on input line 37.
LaTeX Font Info:    Overwriting math alphabet `\mathtt' in version `bold'
(Font)                  OT1/cmtt/m/n --> OT1/lmtt/m/n on input line 38.
)
(C:\Program Files\MiKTeX\tex/latex/base\textcomp.sty
Package: textcomp 2020/02/02 v2.0n Standard LaTeX package
)
(C:\Program Files\MiKTeX\tex/latex/lastpage\lastpage.sty
Package: lastpage 2024/07/03 v2.1b lastpage: 2.09 or 2e? (HMM)

(C:\Program Files\MiKTeX\tex/latex/lastpage\lastpage2e.sty
Package: lastpage2e 2024/07/03 v2.1b Decide which 2e lastpage version to use (H
MM)

(C:\Program Files\MiKTeX\tex/latex/lastpage\lastpagemodern.sty
Package: lastpagemodern 2024-07-03 v2.1b Refers to last page's name (HMM; JPG)
\c@lastpagecount=\count195
) 
)) (C:\Program Files\MiKTeX\tex/latex/float\float.sty
Package: float 2001/11/08 v1.3d Float enhancements (AL)
\c@float@type=\count196
\float@exts=\toks19
\float@box=\box51
\@float@everytoks=\toks20
\@floatcapt=\box52
)
(C:\Program Files\MiKTeX\tex/latex/graphics\graphicx.sty
Package: graphicx 2021/09/16 v1.2d Enhanced LaTeX Graphics (DPC,SPQR)

(C:\Program Files\MiKTeX\tex/latex/graphics\keyval.sty
Package: keyval 2022/05/29 v1.15 key=value parser (DPC)
\KV@toks@=\toks21
)
(C:\Program Files\MiKTeX\tex/latex/graphics\graphics.sty
Package: graphics 2022/03/10 v1.4e Standard LaTeX Graphics (DPC,SPQR)

(C:\Program Files\MiKTeX\tex/latex/graphics\trig.sty
Package: trig 2021/08/11 v1.11 sin cos tan (DPC)
)
(C:\Program Files\MiKTeX\tex/latex/graphics-cfg\graphics.cfg
File: graphics.cfg 2016/06/04 v1.11 sample graphics configuration
)
Package graphics Info: Driver file: pdftex.def on input line 107.

(C:\Program Files\MiKTeX\tex/latex/graphics-def\pdftex.def
File: pdftex.def 2022/09/22 v1.2b Graphics/color driver for pdftex
))
\Gin@req@height=\dimen141
\Gin@req@width=\dimen142
)
LaTeX Font Info:    Trying to load font information for T1+lmr on input line 14
.

(C:\Program Files\MiKTeX\tex/latex/lm\t1lmr.fd
File: t1lmr.fd 2015/05/01 v1.6.1 Font defs for Latin Modern
)
(C:\Program Files\MiKTeX\tex/latex/l3backend\l3backend-pdftex.def
File: l3backend-pdftex.def 2024-01-04 L3 backend support: PDF output (pdfTeX)
\l__color_backend_stack_int=\count197
\l__pdf_internal_box=\box53
)
(reporte_medico.aux)
\openout1 = `reporte_medico.aux'.

LaTeX Font Info:    Checking defaults for OML/cmm/m/it on input line 14.
LaTeX Font Info:    ... okay on input line 14.
LaTeX Font Info:    Checking defaults for OMS/cmsy/m/n on input line 14.
LaTeX Font Info:    ... okay on input line 14.
LaTeX Font Info:    Checking defaults for OT1/cmr/m/n on input line 14.
LaTeX Font Info:    ... okay on input line 14.
LaTeX Font Info:    Checking defaults for T1/cmr/m/n on input line 14.
LaTeX Font Info:    ... okay on input line 14.
LaTeX Font Info:    Checking defaults for TS1/cmr/m/n on input line 14.
LaTeX Font Info:    ... okay on input line 14.
LaTeX Font Info:    Checking defaults for OMX/cmex/m/n on input line 14.
LaTeX Font Info:    ... okay on input line 14.
LaTeX Font Info:    Checking defaults for U/cmr/m/n on input line 14.
LaTeX Font Info:    ... okay on input line 14.

(C:\Program Files\MiKTeX\tex/context/base/mkii\supp-pdf.mkii
[Loading MPS to PDF converter (version 2006.09.02).]
\scratchcounter=\count198
\scratchdimen=\dimen143
\scratchbox=\box54
\nofMPsegments=\count199
\nofMParguments=\count266
\everyMPshowfont=\toks22
\MPscratchCnt=\count267
\MPscratchDim=\dimen144
\MPnumerator=\count268
\makeMPintoPDFobject=\count269
\everyMPtoPDFconversion=\toks23
) (C:\Program Files\MiKTeX\tex/latex/epstopdf-pkg\epstopdf-base.sty
Package: epstopdf-base 2020-01-24 v2.11 Base part for package epstopdf
Package epstopdf-base Info: Redefining graphics rule for `.eps' on input line 4
85.

(C:\Program Files\MiKTeX\tex/latex/00miktex\epstopdf-sys.cfg
File: epstopdf-sys.cfg 2021/03/18 v2.0 Configuration of epstopdf for MiKTeX
))
LaTeX Font Info:    Trying to load font information for OT1+lmr on input line 1
6.

(C:\Program Files\MiKTeX\tex/latex/lm\ot1lmr.fd
File: ot1lmr.fd 2015/05/01 v1.6.1 Font defs for Latin Modern
)
LaTeX Font Info:    Trying to load font information for OML+lmm on input line 1
6.

(C:\Program Files\MiKTeX\tex/latex/lm\omllmm.fd
File: omllmm.fd 2015/05/01 v1.6.1 Font defs for Latin Modern
)
LaTeX Font Info:    Trying to load font information for OMS+lmsy on input line 
16.

(C:\Program Files\MiKTeX\tex/latex/lm\omslmsy.fd
File: omslmsy.fd 2015/05/01 v1.6.1 Font defs for Latin Modern
)
LaTeX Font Info:    Trying to load font information for OMX+lmex on input line 
16.

(C:\Program Files\MiKTeX\tex/latex/lm\omxlmex.fd
File: omxlmex.fd 2015/05/01 v1.6.1 Font defs for Latin Modern
)
LaTeX Font Info:    External font `lmex10' loaded for size
(Font)              <14.4> on input line 16.
LaTeX Font Info:    External font `lmex10' loaded for size
(Font)              <10> on input line 16.
LaTeX Font Info:    External font `lmex10' loaded for size
(Font)              <7> on input line 16.

! I can't write on file `reporte_medico.pdf'.
(Press Enter to retry, or Control-C to exit; default file extension is `.pdf')
Please type another file name for output: 
[1

{C:/Users/lcres/AppData/Local/MiKTeX/fonts/map/pdftex/pdftex.map}{C:/Program Fi
les/MiKTeX/fonts/enc/dvips/lm/lm-ec.enc}]
LaTeX Font Info:    External font `lmex10' loaded for size
(Font)              <12> on input line 20.
LaTeX Font Info:    External font `lmex10' loaded for size
(Font)              <8> on input line 20.
LaTeX Font Info:    External font `lmex10' loaded for size
(Font)              <6> on input line 20.
<static/temp_image_40.png, id=7, 867.24pt x 578.16pt>
File: static/temp_image_40.png Graphic file (type png)
<use static/temp_image_40.png>
Package pdftex.def Info: static/temp_image_40.png  used on input line 44.
(pdftex.def)             Requested size: 312.00119pt x 208.00511pt.
<static/temp_image_41.png, id=9, 867.24pt x 578.16pt>
File: static/temp_image_41.png Graphic file (type png)
<use static/temp_image_41.png>
Package pdftex.def Info: static/temp_image_41.png  used on input line 53.
(pdftex.def)             Requested size: 312.00119pt x 208.00511pt.
 [2 <./static/temp_image_40.png>]
<static/temp_image_42.png, id=15, 867.24pt x 578.16pt>
File: static/temp_image_42.png Graphic file (type png)
<use static/temp_image_42.png>
Package pdftex.def Info: static/temp_image_42.png  used on input line 62.
(pdftex.def)             Requested size: 312.00119pt x 208.00511pt.
<static/temp_image_43.png, id=16, 867.24pt x 578.16pt>
File: static/temp_image_43.png Graphic file (type png)
<use static/temp_image_43.png>
Package pdftex.def Info: static/temp_image_43.png  used on input line 71.
(pdftex.def)             Requested size: 312.00119pt x 208.00511pt.

[3 <./static/temp_image_41.png> <./static/temp_image_42.png>]
<static/temp_image_44.png, id=22, 867.24pt x 578.16pt>
File: static/temp_image_44.png Graphic file (type png)
<use static/temp_image_44.png>
Package pdftex.def Info: static/temp_image_44.png  used on input line 80.
(pdftex.def)             Requested size: 312.00119pt x 208.00511pt.
<static/temp_image_45.png, id=23, 867.24pt x 578.16pt>
File: static/temp_image_45.png Graphic file (type png)
<use static/temp_image_45.png>
Package pdftex.def Info: static/temp_image_45.png  used on input line 89.
(pdftex.def)             Requested size: 312.00119pt x 208.00511pt.
 [4 <./static/temp_image_43.png> <./static/temp_image_44.png>]
<static/temp_image_46.png, id=29, 867.24pt x 578.16pt>
File: static/temp_image_46.png Graphic file (type png)
<use static/temp_image_46.png>
Package pdftex.def Info: static/temp_image_46.png  used on input line 98.
(pdftex.def)             Requested size: 312.00119pt x 208.00511pt.
<static/temp_image_47.png, id=30, 867.24pt x 578.16pt>
File: static/temp_image_47.png Graphic file (type png)
<use static/temp_image_47.png>
Package pdftex.def Info: static/temp_image_47.png  used on input line 107.
(pdftex.def)             Requested size: 312.00119pt x 208.00511pt.
 [5 <./static/temp_image_45.png> <./static/temp_image_46.png>]
<static/temp_image_48.png, id=36, 867.24pt x 578.16pt>
File: static/temp_image_48.png Graphic file (type png)
<use static/temp_image_48.png>
Package pdftex.def Info: static/temp_image_48.png  used on input line 116.
(pdftex.def)             Requested size: 312.00119pt x 208.00511pt.
<static/temp_image_49.png, id=37, 867.24pt x 578.16pt>
File: static/temp_image_49.png Graphic file (type png)
<use static/temp_image_49.png>
Package pdftex.def Info: static/temp_image_49.png  used on input line 125.
(pdftex.def)             Requested size: 312.00119pt x 208.00511pt.
 [6 <./static/temp_image_47.png> <./static/temp_image_48.png>]
<static/temp_image_50.png, id=43, 867.24pt x 578.16pt>
File: static/temp_image_50.png Graphic file (type png)
<use static/temp_image_50.png>
Package pdftex.def Info: static/temp_image_50.png  used on input line 134.
(pdftex.def)             Requested size: 312.00119pt x 208.00511pt.
<static/temp_image_51.png, id=44, 867.24pt x 578.16pt>
File: static/temp_image_51.png Graphic file (type png)
<use static/temp_image_51.png>
Package pdftex.def Info: static/temp_image_51.png  used on input line 143.
(pdftex.def)             Requested size: 312.00119pt x 208.00511pt.
 [7 <./static/temp_image_49.png> <./static/temp_image_50.png>]
<static/temp_image_52.png, id=51, 867.24pt x 578.16pt>
File: static/temp_image_52.png Graphic file (type png)
<use static/temp_image_52.png>
Package pdftex.def Info: static/temp_image_52.png  used on input line 152.
(pdftex.def)             Requested size: 312.00119pt x 208.00511pt.
<static/temp_image_53.png, id=52, 867.24pt x 578.16pt>
File: static/temp_image_53.png Graphic file (type png)
<use static/temp_image_53.png>
Package pdftex.def Info: static/temp_image_53.png  used on input line 161.
(pdftex.def)             Requested size: 312.00119pt x 208.00511pt.

[8 <./static/temp_image_51.png> <./static/temp_image_52.png>]
<static/temp_image_54.png, id=58, 867.24pt x 578.16pt>
File: static/temp_image_54.png Graphic file (type png)
<use static/temp_image_54.png>
Package pdftex.def Info: static/temp_image_54.png  used on input line 170.
(pdftex.def)             Requested size: 312.00119pt x 208.00511pt.
<static/temp_image_55.png, id=59, 867.24pt x 578.16pt>
File: static/temp_image_55.png Graphic file (type png)
<use static/temp_image_55.png>
Package pdftex.def Info: static/temp_image_55.png  used on input line 179.
(pdftex.def)             Requested size: 312.00119pt x 208.00511pt.
 [9 <./static/temp_image_53.png> <./static/temp_image_54.png>]
<static/temp_image_56.png, id=65, 867.24pt x 578.16pt>
File: static/temp_image_56.png Graphic file (type png)
<use static/temp_image_56.png>
Package pdftex.def Info: static/temp_image_56.png  used on input line 188.
(pdftex.def)             Requested size: 312.00119pt x 208.00511pt.
<static/temp_image_57.png, id=66, 867.24pt x 578.16pt>
File: static/temp_image_57.png Graphic file (type png)
<use static/temp_image_57.png>
Package pdftex.def Info: static/temp_image_57.png  used on input line 197.
(pdftex.def)             Requested size: 312.00119pt x 208.00511pt.
 [10 <./static/temp_image_55.png> <./static/temp_image_56.png>]
<static/temp_image_58.png, id=72, 867.24pt x 578.16pt>
File: static/temp_image_58.png Graphic file (type png)
<use static/temp_image_58.png>
Package pdftex.def Info: static/temp_image_58.png  used on input line 206.
(pdftex.def)             Requested size: 312.00119pt x 208.00511pt.
<static/temp_image_59.png, id=73, 867.24pt x 578.16pt>
File: static/temp_image_59.png Graphic file (type png)
<use static/temp_image_59.png>
Package pdftex.def Info: static/temp_image_59.png  used on input line 215.
(pdftex.def)             Requested size: 312.00119pt x 208.00511pt.
 [11 <./static/temp_image_57.png> <./static/temp_image_58.png>]
<static/temp_image_60.png, id=79, 867.24pt x 578.16pt>
File: static/temp_image_60.png Graphic file (type png)
<use static/temp_image_60.png>
Package pdftex.def Info: static/temp_image_60.png  used on input line 224.
(pdftex.def)             Requested size: 312.00119pt x 208.00511pt.
<static/temp_image_61.png, id=80, 867.24pt x 578.16pt>
File: static/temp_image_61.png Graphic file (type png)
<use static/temp_image_61.png>
Package pdftex.def Info: static/temp_image_61.png  used on input line 233.
(pdftex.def)             Requested size: 312.00119pt x 208.00511pt.
 [12 <./static/temp_image_59.png> <./static/temp_image_60.png>]
<static/temp_image_62.png, id=86, 867.24pt x 578.16pt>
File: static/temp_image_62.png Graphic file (type png)
<use static/temp_image_62.png>
Package pdftex.def Info: static/temp_image_62.png  used on input line 242.
(pdftex.def)             Requested size: 312.00119pt x 208.00511pt.
<static/temp_image_63.png, id=87, 867.24pt x 578.16pt>
File: static/temp_image_63.png Graphic file (type png)
<use static/temp_image_63.png>
Package pdftex.def Info: static/temp_image_63.png  used on input line 251.
(pdftex.def)             Requested size: 312.00119pt x 208.00511pt.

[13 <./static/temp_image_61.png> <./static/temp_image_62.png>]
<static/temp_image_64.png, id=94, 867.24pt x 578.16pt>
File: static/temp_image_64.png Graphic file (type png)
<use static/temp_image_64.png>
Package pdftex.def Info: static/temp_image_64.png  used on input line 260.
(pdftex.def)             Requested size: 312.00119pt x 208.00511pt.
<static/temp_image_65.png, id=95, 867.24pt x 578.16pt>
File: static/temp_image_65.png Graphic file (type png)
<use static/temp_image_65.png>
Package pdftex.def Info: static/temp_image_65.png  used on input line 269.
(pdftex.def)             Requested size: 312.00119pt x 208.00511pt.
 [14 <./static/temp_image_63.png> <./static/temp_image_64.png>]
<static/temp_image_66.png, id=101, 867.24pt x 578.16pt>
File: static/temp_image_66.png Graphic file (type png)
<use static/temp_image_66.png>
Package pdftex.def Info: static/temp_image_66.png  used on input line 278.
(pdftex.def)             Requested size: 312.00119pt x 208.00511pt.
<static/temp_image_67.png, id=102, 867.24pt x 578.16pt>
File: static/temp_image_67.png Graphic file (type png)
<use static/temp_image_67.png>
Package pdftex.def Info: static/temp_image_67.png  used on input line 287.
(pdftex.def)             Requested size: 312.00119pt x 208.00511pt.
 [15 <./static/temp_image_65.png> <./static/temp_image_66.png>]
<static/temp_image_68.png, id=108, 867.24pt x 578.16pt>
File: static/temp_image_68.png Graphic file (type png)
<use static/temp_image_68.png>
Package pdftex.def Info: static/temp_image_68.png  used on input line 296.
(pdftex.def)             Requested size: 312.00119pt x 208.00511pt.
<static/temp_image_69.png, id=109, 867.24pt x 578.16pt>
File: static/temp_image_69.png Graphic file (type png)
<use static/temp_image_69.png>
Package pdftex.def Info: static/temp_image_69.png  used on input line 305.
(pdftex.def)             Requested size: 312.00119pt x 208.00511pt.
 [16 <./static/temp_image_67.png> <./static/temp_image_68.png>]
<static/temp_image_70.png, id=115, 867.24pt x 578.16pt>
File: static/temp_image_70.png Graphic file (type png)
<use static/temp_image_70.png>
Package pdftex.def Info: static/temp_image_70.png  used on input line 314.
(pdftex.def)             Requested size: 312.00119pt x 208.00511pt.
<static/temp_image_71.png, id=116, 867.24pt x 578.16pt>
File: static/temp_image_71.png Graphic file (type png)
<use static/temp_image_71.png>
Package pdftex.def Info: static/temp_image_71.png  used on input line 323.
(pdftex.def)             Requested size: 312.00119pt x 208.00511pt.
 [17 <./static/temp_image_69.png> <./static/temp_image_70.png>]
<static/temp_image_72.png, id=122, 867.24pt x 578.16pt>
File: static/temp_image_72.png Graphic file (type png)
<use static/temp_image_72.png>
Package pdftex.def Info: static/temp_image_72.png  used on input line 332.
(pdftex.def)             Requested size: 312.00119pt x 208.00511pt.
<static/temp_image_73.png, id=123, 867.24pt x 578.16pt>
File: static/temp_image_73.png Graphic file (type png)
<use static/temp_image_73.png>
Package pdftex.def Info: static/temp_image_73.png  used on input line 341.
(pdftex.def)             Requested size: 312.00119pt x 208.00511pt.

[18 <./static/temp_image_71.png> <./static/temp_image_72.png>]
<static/temp_image_74.png, id=129, 867.24pt x 578.16pt>
File: static/temp_image_74.png Graphic file (type png)
<use static/temp_image_74.png>
Package pdftex.def Info: static/temp_image_74.png  used on input line 350.
(pdftex.def)             Requested size: 312.00119pt x 208.00511pt.
<static/temp_image_75.png, id=130, 867.24pt x 578.16pt>
File: static/temp_image_75.png Graphic file (type png)
<use static/temp_image_75.png>
Package pdftex.def Info: static/temp_image_75.png  used on input line 359.
(pdftex.def)             Requested size: 312.00119pt x 208.00511pt.
 [19 <./static/temp_image_73.png> <./static/temp_image_74.png>]
<static/temp_image_76.png, id=137, 867.24pt x 578.16pt>
File: static/temp_image_76.png Graphic file (type png)
<use static/temp_image_76.png>
Package pdftex.def Info: static/temp_image_76.png  used on input line 368.
(pdftex.def)             Requested size: 312.00119pt x 208.00511pt.
<static/temp_image_77.png, id=138, 867.24pt x 578.16pt>
File: static/temp_image_77.png Graphic file (type png)
<use static/temp_image_77.png>
Package pdftex.def Info: static/temp_image_77.png  used on input line 377.
(pdftex.def)             Requested size: 312.00119pt x 208.00511pt.
 [20 <./static/temp_image_75.png> <./static/temp_image_76.png>]
<static/temp_image_78.png, id=144, 867.24pt x 578.16pt>
File: static/temp_image_78.png Graphic file (type png)
<use static/temp_image_78.png>
Package pdftex.def Info: static/temp_image_78.png  used on input line 386.
(pdftex.def)             Requested size: 312.00119pt x 208.00511pt.
<static/temp_image_79.png, id=145, 867.24pt x 578.16pt>
File: static/temp_image_79.png Graphic file (type png)
<use static/temp_image_79.png>
Package pdftex.def Info: static/temp_image_79.png  used on input line 395.
(pdftex.def)             Requested size: 312.00119pt x 208.00511pt.
 [21 <./static/temp_image_77.png> <./static/temp_image_78.png>]
<static/temp_image_80.png, id=151, 867.24pt x 578.16pt>
File: static/temp_image_80.png Graphic file (type png)
<use static/temp_image_80.png>
Package pdftex.def Info: static/temp_image_80.png  used on input line 404.
(pdftex.def)             Requested size: 312.00119pt x 208.00511pt.
<static/temp_image_81.png, id=152, 867.24pt x 578.16pt>
File: static/temp_image_81.png Graphic file (type png)
<use static/temp_image_81.png>
Package pdftex.def Info: static/temp_image_81.png  used on input line 413.
(pdftex.def)             Requested size: 312.00119pt x 208.00511pt.
 [22 <./static/temp_image_79.png> <./static/temp_image_80.png>]
<static/temp_image_82.png, id=158, 867.24pt x 578.16pt>
File: static/temp_image_82.png Graphic file (type png)
<use static/temp_image_82.png>
Package pdftex.def Info: static/temp_image_82.png  used on input line 422.
(pdftex.def)             Requested size: 312.00119pt x 208.00511pt.
<static/temp_image_83.png, id=159, 867.24pt x 578.16pt>
File: static/temp_image_83.png Graphic file (type png)
<use static/temp_image_83.png>
Package pdftex.def Info: static/temp_image_83.png  used on input line 431.
(pdftex.def)             Requested size: 312.00119pt x 208.00511pt.

[23 <./static/temp_image_81.png> <./static/temp_image_82.png>]
<static/temp_image_84.png, id=165, 867.24pt x 578.16pt>
File: static/temp_image_84.png Graphic file (type png)
<use static/temp_image_84.png>
Package pdftex.def Info: static/temp_image_84.png  used on input line 440.
(pdftex.def)             Requested size: 312.00119pt x 208.00511pt.
<static/temp_image_85.png, id=166, 867.24pt x 578.16pt>
File: static/temp_image_85.png Graphic file (type png)
<use static/temp_image_85.png>
Package pdftex.def Info: static/temp_image_85.png  used on input line 449.
(pdftex.def)             Requested size: 312.00119pt x 208.00511pt.
 [24 <./static/temp_image_83.png> <./static/temp_image_84.png>]
<static/temp_image_86.png, id=172, 867.24pt x 578.16pt>
File: static/temp_image_86.png Graphic file (type png)
<use static/temp_image_86.png>
Package pdftex.def Info: static/temp_image_86.png  used on input line 458.
(pdftex.def)             Requested size: 312.00119pt x 208.00511pt.
<static/temp_image_87.png, id=173, 867.24pt x 578.16pt>
File: static/temp_image_87.png Graphic file (type png)
<use static/temp_image_87.png>
Package pdftex.def Info: static/temp_image_87.png  used on input line 467.
(pdftex.def)             Requested size: 312.00119pt x 208.00511pt.
 [25 <./static/temp_image_85.png> <./static/temp_image_86.png>]
<static/temp_image_88.png, id=180, 867.24pt x 578.16pt>
File: static/temp_image_88.png Graphic file (type png)
<use static/temp_image_88.png>
Package pdftex.def Info: static/temp_image_88.png  used on input line 476.
(pdftex.def)             Requested size: 312.00119pt x 208.00511pt.
<static/temp_image_89.png, id=181, 867.24pt x 578.16pt>
File: static/temp_image_89.png Graphic file (type png)
<use static/temp_image_89.png>
Package pdftex.def Info: static/temp_image_89.png  used on input line 485.
(pdftex.def)             Requested size: 312.00119pt x 208.00511pt.
 [26 <./static/temp_image_87.png> <./static/temp_image_88.png>]
<static/temp_image_90.png, id=187, 867.24pt x 578.16pt>
File: static/temp_image_90.png Graphic file (type png)
<use static/temp_image_90.png>
Package pdftex.def Info: static/temp_image_90.png  used on input line 494.
(pdftex.def)             Requested size: 312.00119pt x 208.00511pt.
<static/temp_image_91.png, id=188, 867.24pt x 578.16pt>
File: static/temp_image_91.png Graphic file (type png)
<use static/temp_image_91.png>
Package pdftex.def Info: static/temp_image_91.png  used on input line 503.
(pdftex.def)             Requested size: 312.00119pt x 208.00511pt.
 [27 <./static/temp_image_89.png> <./static/temp_image_90.png>]
<static/temp_image_92.png, id=194, 867.24pt x 578.16pt>
File: static/temp_image_92.png Graphic file (type png)
<use static/temp_image_92.png>
Package pdftex.def Info: static/temp_image_92.png  used on input line 512.
(pdftex.def)             Requested size: 312.00119pt x 208.00511pt.
<static/temp_image_93.png, id=195, 867.24pt x 578.16pt>
File: static/temp_image_93.png Graphic file (type png)
<use static/temp_image_93.png>
Package pdftex.def Info: static/temp_image_93.png  used on input line 521.
(pdftex.def)             Requested size: 312.00119pt x 208.00511pt.

[28 <./static/temp_image_91.png> <./static/temp_image_92.png>]
<static/temp_image_94.png, id=201, 867.24pt x 578.16pt>
File: static/temp_image_94.png Graphic file (type png)
<use static/temp_image_94.png>
Package pdftex.def Info: static/temp_image_94.png  used on input line 530.
(pdftex.def)             Requested size: 312.00119pt x 208.00511pt.
<static/temp_image_95.png, id=202, 867.24pt x 578.16pt>
File: static/temp_image_95.png Graphic file (type png)
<use static/temp_image_95.png>
Package pdftex.def Info: static/temp_image_95.png  used on input line 539.
(pdftex.def)             Requested size: 312.00119pt x 208.00511pt.
 [29 <./static/temp_image_93.png> <./static/temp_image_94.png>]
<static/temp_image_96.png, id=208, 867.24pt x 578.16pt>
File: static/temp_image_96.png Graphic file (type png)
<use static/temp_image_96.png>
Package pdftex.def Info: static/temp_image_96.png  used on input line 548.
(pdftex.def)             Requested size: 312.00119pt x 208.00511pt.
<static/temp_image_97.png, id=209, 867.24pt x 578.16pt>
File: static/temp_image_97.png Graphic file (type png)
<use static/temp_image_97.png>
Package pdftex.def Info: static/temp_image_97.png  used on input line 557.
(pdftex.def)             Requested size: 312.00119pt x 208.00511pt.
 [30 <./static/temp_image_95.png> <./static/temp_image_96.png>]
<static/temp_image_98.png, id=215, 867.24pt x 578.16pt>
File: static/temp_image_98.png Graphic file (type png)
<use static/temp_image_98.png>
Package pdftex.def Info: static/temp_image_98.png  used on input line 566.
(pdftex.def)             Requested size: 312.00119pt x 208.00511pt.
<static/temp_image_99.png, id=216, 867.24pt x 578.16pt>
File: static/temp_image_99.png Graphic file (type png)
<use static/temp_image_99.png>
Package pdftex.def Info: static/temp_image_99.png  used on input line 575.
(pdftex.def)             Requested size: 312.00119pt x 208.00511pt.
 [31 <./static/temp_image_97.png> <./static/temp_image_98.png>]
<static/temp_image_100.png, id=223, 867.24pt x 578.16pt>
File: static/temp_image_100.png Graphic file (type png)
<use static/temp_image_100.png>
Package pdftex.def Info: static/temp_image_100.png  used on input line 584.
(pdftex.def)             Requested size: 312.00119pt x 208.00511pt.
 [32 <./static/temp_image_99.png> <./static/temp_image_100.png>]

enddocument/afterlastpage: lastpage setting LastPage.
(reporte_medico.aux)
 ***********
LaTeX2e <2023-11-01> patch level 1
L3 programming layer <2024-01-04>
 ***********


LaTeX Warning: Label(s) may have changed. Rerun to get cross-references right.

 ) 
Here is how much of TeX's memory you used:
 2443 strings out of 474486
 47065 string characters out of 5753570
 1927542 words of memory out of 5000000
 24714 multiletter control sequences out of 15000+600000
 598994 words of font info for 63 fonts, out of 8000000 for 9000
 1141 hyphenation exceptions out of 8191
 70i,6n,65p,237b,230s stack positions out of 10000i,1000n,20000p,200000b,200000s
<C:/Program Files/MiKTeX/fonts/type1/public/lm/lmbx12.pfb><C:/Program Files/M
iKTeX/fonts/type1/public/lm/lmr12.pfb><C:/Program Files/MiKTeX/fonts/type1/publ
ic/lm/lmr17.pfb>
Output written on reporte_medico.pdf (32 pages, 1545800 bytes).
PDF statistics:
 244 PDF objects out of 1000 (max. 8388607)
 0 named destinations out of 1000 (max. 500000)
 306 words of extra memory for PDF output out of 10000 (max. 10000000)

